2010-24-12 03:06:08; ERROR   ; 
2010-24-12 03:06:08; ERROR   ; array (
  0 => 
  array (
    'sql' => 'UPDATE news SET
	                    haveImage = 1
						WHERE id=8 AND user_id = 0',
    'time' => 0.000482,
  ),
)
2010-24-12 03:07:26; ERROR   ; array (
  'id' => '1',
  'name' => '',
  'login' => 'sasa',
  'code' => '558fd037ee4b2673',
)
2010-24-12 03:07:26; ERROR   ; array (
  0 => 
  array (
    'sql' => 'UPDATE news SET
	                    haveImage = 1
						WHERE id=8 AND user_id = 0',
    'time' => 0.000563,
  ),
)
2010-24-12 03:08:51; ERROR   ; array (
  'id' => '1',
  'name' => '',
  'login' => 'sasa',
  'code' => '558fd037ee4b2673',
)
2010-24-12 03:08:51; ERROR   ; array (
  0 => 
  array (
    'sql' => 'UPDATE news SET
	                    haveImage = 1
						WHERE id=8 AND user_id = 1',
    'time' => 0.000722,
  ),
)
